[prep_data] Unzipping specs/Data/raw_data_period_7_to_27.zip -> strategy_train_env/data/traffic
Archive:  specs/Data/raw_data_period_7_to_27.zip
  inflating: strategy_train_env/data/traffic/period-10.parquet  
  inflating: strategy_train_env/data/traffic/period-11.parquet  
  inflating: strategy_train_env/data/traffic/period-12.parquet  
  inflating: strategy_train_env/data/traffic/period-13.parquet  
  inflating: strategy_train_env/data/traffic/period-14.parquet  
  inflating: strategy_train_env/data/traffic/period-15.parquet  
  inflating: strategy_train_env/data/traffic/period-16.parquet  
  inflating: strategy_train_env/data/traffic/period-17.parquet  
  inflating: strategy_train_env/data/traffic/period-18.parquet  
  inflating: strategy_train_env/data/traffic/period-19.parquet  
  inflating: strategy_train_env/data/traffic/period-20.parquet  
  inflating: strategy_train_env/data/traffic/period-21.parquet  
  inflating: strategy_train_env/data/traffic/period-22.parquet  
  inflating: strategy_train_env/data/traffic/period-23.parquet  
  inflating: strategy_train_env/data/traffic/period-24.parquet  
  inflating: strategy_train_env/data/traffic/period-25.parquet  
  inflating: strategy_train_env/data/traffic/period-26.parquet  
  inflating: strategy_train_env/data/traffic/period-27.parquet  
  inflating: strategy_train_env/data/traffic/period-7.parquet  
  inflating: strategy_train_env/data/traffic/period-8.parquet  
  inflating: strategy_train_env/data/traffic/period-9.parquet  
[prep_data] Running prepare_data.py for periods 7..27
[load] /scratch/network/bl0919/AuctionNet/strategy_train_env/data/traffic/period-7.parquet
  -> period-7_pvalues.parquet (2304 rows)
  -> period-7_bids.parquet (48 rows)
  -> period-7_constraints.parquet (48 rows)
  done in 40.3s
[load] /scratch/network/bl0919/AuctionNet/strategy_train_env/data/traffic/period-8.parquet
  -> period-8_pvalues.parquet (2304 rows)
  -> period-8_bids.parquet (48 rows)
  -> period-8_constraints.parquet (48 rows)
  done in 38.4s
[load] /scratch/network/bl0919/AuctionNet/strategy_train_env/data/traffic/period-9.parquet
  -> period-9_pvalues.parquet (2304 rows)
  -> period-9_bids.parquet (48 rows)
  -> period-9_constraints.parquet (48 rows)
  done in 38.3s
[load] /scratch/network/bl0919/AuctionNet/strategy_train_env/data/traffic/period-10.parquet
  -> period-10_pvalues.parquet (2304 rows)
  -> period-10_bids.parquet (48 rows)
  -> period-10_constraints.parquet (48 rows)
  done in 37.7s
[load] /scratch/network/bl0919/AuctionNet/strategy_train_env/data/traffic/period-11.parquet
  -> period-11_pvalues.parquet (2304 rows)
  -> period-11_bids.parquet (48 rows)
  -> period-11_constraints.parquet (48 rows)
  done in 37.7s
[load] /scratch/network/bl0919/AuctionNet/strategy_train_env/data/traffic/period-12.parquet
  -> period-12_pvalues.parquet (2304 rows)
  -> period-12_bids.parquet (48 rows)
  -> period-12_constraints.parquet (48 rows)
  done in 37.8s
[load] /scratch/network/bl0919/AuctionNet/strategy_train_env/data/traffic/period-13.parquet
  -> period-13_pvalues.parquet (2304 rows)
  -> period-13_bids.parquet (48 rows)
  -> period-13_constraints.parquet (48 rows)
  done in 38.1s
[load] /scratch/network/bl0919/AuctionNet/strategy_train_env/data/traffic/period-14.parquet
  -> period-14_pvalues.parquet (2304 rows)
  -> period-14_bids.parquet (48 rows)
  -> period-14_constraints.parquet (48 rows)
  done in 37.7s
[load] /scratch/network/bl0919/AuctionNet/strategy_train_env/data/traffic/period-15.parquet
  -> period-15_pvalues.parquet (2304 rows)
  -> period-15_bids.parquet (48 rows)
  -> period-15_constraints.parquet (48 rows)
  done in 37.6s
[load] /scratch/network/bl0919/AuctionNet/strategy_train_env/data/traffic/period-16.parquet
  -> period-16_pvalues.parquet (2304 rows)
  -> period-16_bids.parquet (48 rows)
  -> period-16_constraints.parquet (48 rows)
  done in 37.3s
[load] /scratch/network/bl0919/AuctionNet/strategy_train_env/data/traffic/period-17.parquet
  -> period-17_pvalues.parquet (2304 rows)
  -> period-17_bids.parquet (48 rows)
  -> period-17_constraints.parquet (48 rows)
  done in 37.6s
[load] /scratch/network/bl0919/AuctionNet/strategy_train_env/data/traffic/period-18.parquet
